<?xml version="1.0" encoding="UTF-8"?>
<!-- Generated by org.testng.reporters.JUnitReportReporter -->
<testsuite skipped="0" hostname="ankity" name="com.pom.script.TestScript1" tests="1" failures="0" timestamp="26 Dec 2018 09:15:40 GMT" time="30.293" errors="0">
  <testcase name="testMethod" time="30.293" classname="com.pom.script.TestScript1"/>
</testsuite> <!-- com.pom.script.TestScript1 -->
